1626458853879	geckodriver	INFO	Listening on 127.0.0.1:1827
1626458856927	mozrunner::runner	INFO	Running command: "C:\\Program Files\\Firefox Developer Edition\\firefox.exe" "--marionette" "-foreground" "-no-remote" "-profile" "C:\\Users\\callm\\AppData\\Local\\Temp\\rust_mozprofileqbqOIV"
1626458899580	geckodriver	INFO	Listening on 127.0.0.1:6027
1626458902624	mozrunner::runner	INFO	Running command: "C:\\Program Files\\Firefox Developer Edition\\firefox.exe" "--marionette" "-foreground" "-no-remote" "-profile" "C:\\Users\\callm\\AppData\\Local\\Temp\\rust_mozprofileooxNCu"
1626458903688	Marionette	INFO	Marionette enabled
console.warn: SearchSettings: "get: No settings file exists, new profile?" (new NotFoundError("Could not open the file at C:\\Users\\callm\\AppData\\Local\\Temp\\rust_mozprofileooxNCu\\search.json.mozlz4", (void 0)))
1626458908827	Marionette	INFO	Listening on port 3889
1626458909055	RemoteAgent	WARN	TLS certificate errors will be ignored for this session
JavaScript error: resource:///actors/FormValidationChild.jsm, line 177: TypeError: can't access property "ownerGlobal", this._element is null
JavaScript error: resource://gre/actors/AutoCompleteChild.jsm, line 125: Error: Invalid autocomplete selectedIndex
JavaScript error: resource://gre/actors/AutoCompleteChild.jsm, line 125: Error: Invalid autocomplete selectedIndex
JavaScript error: resource://gre/modules/LoginManagerChild.jsm, line 194: NS_ERROR_XPC_JAVASCRIPT_ERROR_WITH_DETAILS: [JavaScript Error: "Invalid autocomplete selectedIndex" {file: "resource://gre/actors/AutoCompleteChild.jsm" line: 125}]'[JavaScript Error: "Invalid autocomplete selectedIndex" {file: "resource://gre/actors/AutoCompleteChild.jsm" line: 125}]' when calling method: [nsIAutoCompletePopup::selectedIndex]
1626458914229	Marionette	INFO	Stopped listening on port 3889
JavaScript error: resource:///modules/Interactions.jsm, line 209: NS_ERROR_FAILURE: Component returned failure code: 0x80004005 (NS_ERROR_FAILURE) [nsIUserIdleService.removeIdleObserver]

###!!! [Child][RunMessage] Error: Channel closing: too late to send/recv, messages will be lost

1626458915143	RemoteAgent	ERROR	unable to stop listener: TypeError: can't access property "destructor", this.targetList is null(chrome://remote/content/cdp/CDP.jsm:92:5) JS Stack trace: stop@CDP.jsm:92:5
close@RemoteAgent.jsm:138:21
1626458945183	geckodriver	INFO	Listening on 127.0.0.1:4006
1626458948233	mozrunner::runner	INFO	Running command: "C:\\Program Files\\Firefox Developer Edition\\firefox.exe" "--marionette" "-foreground" "-no-remote" "-profile" "C:\\Users\\callm\\AppData\\Local\\Temp\\rust_mozprofileX1c6oy"
1626458948972	Marionette	INFO	Marionette enabled
console.warn: SearchSettings: "get: No settings file exists, new profile?" (new NotFoundError("Could not open the file at C:\\Users\\callm\\AppData\\Local\\Temp\\rust_mozprofileX1c6oy\\search.json.mozlz4", (void 0)))
1626458952742	Marionette	INFO	Listening on port 4021
1626458953100	RemoteAgent	WARN	TLS certificate errors will be ignored for this session
JavaScript error: resource:///actors/FormValidationChild.jsm, line 177: TypeError: can't access property "ownerGlobal", this._element is null
JavaScript error: resource://gre/actors/AutoCompleteChild.jsm, line 125: Error: Invalid autocomplete selectedIndex
JavaScript error: resource://gre/actors/AutoCompleteChild.jsm, line 125: Error: Invalid autocomplete selectedIndex
JavaScript error: resource://gre/modules/LoginManagerChild.jsm, line 194: NS_ERROR_XPC_JAVASCRIPT_ERROR_WITH_DETAILS: [JavaScript Error: "Invalid autocomplete selectedIndex" {file: "resource://gre/actors/AutoCompleteChild.jsm" line: 125}]'[JavaScript Error: "Invalid autocomplete selectedIndex" {file: "resource://gre/actors/AutoCompleteChild.jsm" line: 125}]' when calling method: [nsIAutoCompletePopup::selectedIndex]
1626458957959	Marionette	INFO	Stopped listening on port 4021
JavaScript error: resource:///modules/Interactions.jsm, line 209: NS_ERROR_FAILURE: Component returned failure code: 0x80004005 (NS_ERROR_FAILURE) [nsIUserIdleService.removeIdleObserver]

###!!! [Child][RunMessage] Error: Channel closing: too late to send/recv, messages will be lost

1626458958883	RemoteAgent	ERROR	unable to stop listener: TypeError: can't access property "destructor", this.targetList is null(chrome://remote/content/cdp/CDP.jsm:92:5) JS Stack trace: stop@CDP.jsm:92:5
close@RemoteAgent.jsm:138:21
1626459047462	geckodriver	INFO	Listening on 127.0.0.1:8009
1626459050506	mozrunner::runner	INFO	Running command: "C:\\Program Files\\Firefox Developer Edition\\firefox.exe" "--marionette" "-foreground" "-no-remote" "-profile" "C:\\Users\\callm\\AppData\\Local\\Temp\\rust_mozprofileRE6Stf"
1626459051597	Marionette	INFO	Marionette enabled
console.warn: SearchSettings: "get: No settings file exists, new profile?" (new NotFoundError("Could not open the file at C:\\Users\\callm\\AppData\\Local\\Temp\\rust_mozprofileRE6Stf\\search.json.mozlz4", (void 0)))
1626459055456	Marionette	INFO	Listening on port 8026
1626459055926	RemoteAgent	WARN	TLS certificate errors will be ignored for this session
JavaScript error: resource:///actors/FormValidationChild.jsm, line 177: TypeError: can't access property "ownerGlobal", this._element is null
JavaScript error: resource://gre/actors/AutoCompleteChild.jsm, line 125: Error: Invalid autocomplete selectedIndex
JavaScript error: resource://gre/actors/AutoCompleteChild.jsm, line 125: Error: Invalid autocomplete selectedIndex
JavaScript error: resource://gre/modules/LoginManagerChild.jsm, line 194: NS_ERROR_XPC_JAVASCRIPT_ERROR_WITH_DETAILS: [JavaScript Error: "Invalid autocomplete selectedIndex" {file: "resource://gre/actors/AutoCompleteChild.jsm" line: 125}]'[JavaScript Error: "Invalid autocomplete selectedIndex" {file: "resource://gre/actors/AutoCompleteChild.jsm" line: 125}]' when calling method: [nsIAutoCompletePopup::selectedIndex]
1626459060280	Marionette	INFO	Stopped listening on port 8026
JavaScript error: resource:///modules/Interactions.jsm, line 209: NS_ERROR_FAILURE: Component returned failure code: 0x80004005 (NS_ERROR_FAILURE) [nsIUserIdleService.removeIdleObserver]

###!!! [Parent][MessageChannel] Error: (msgtype=0x390076,name=PContent::Msg_DestroyBrowsingContextGroup) Closed channel: cannot send/recv

JavaScript error: resource://gre/modules/Sqlite.jsm, line 1030: Error: Sqlite.jsm has been shutdown. Cannot open connection to: C:\Users\callm\AppData\Local\Temp\rust_mozprofileRE6Stf\protections.sqlite

###!!! [Child][RunMessage] Error: Channel closing: too late to send/recv, messages will be lost

1626459061267	RemoteAgent	ERROR	unable to stop listener: TypeError: can't access property "destructor", this.targetList is null(chrome://remote/content/cdp/CDP.jsm:92:5) JS Stack trace: stop@CDP.jsm:92:5
close@RemoteAgent.jsm:138:21
1626460461704	geckodriver	INFO	Listening on 127.0.0.1:12270
1626460464742	mozrunner::runner	INFO	Running command: "C:\\Program Files\\Firefox Developer Edition\\firefox.exe" "--marionette" "-foreground" "-no-remote" "-profile" "C:\\Users\\callm\\AppData\\Local\\Temp\\rust_mozprofiledndfqX"
1626460465525	Marionette	INFO	Marionette enabled
console.warn: SearchSettings: "get: No settings file exists, new profile?" (new NotFoundError("Could not open the file at C:\\Users\\callm\\AppData\\Local\\Temp\\rust_mozprofiledndfqX\\search.json.mozlz4", (void 0)))
1626460469599	Marionette	INFO	Listening on port 12285
1626460469638	RemoteAgent	WARN	TLS certificate errors will be ignored for this session
JavaScript error: resource:///actors/FormValidationChild.jsm, line 177: TypeError: can't access property "ownerGlobal", this._element is null
JavaScript error: resource://gre/actors/AutoCompleteChild.jsm, line 125: Error: Invalid autocomplete selectedIndex
JavaScript error: resource://gre/actors/AutoCompleteChild.jsm, line 125: Error: Invalid autocomplete selectedIndex
JavaScript error: resource://gre/modules/LoginManagerChild.jsm, line 194: NS_ERROR_XPC_JAVASCRIPT_ERROR_WITH_DETAILS: [JavaScript Error: "Invalid autocomplete selectedIndex" {file: "resource://gre/actors/AutoCompleteChild.jsm" line: 125}]'[JavaScript Error: "Invalid autocomplete selectedIndex" {file: "resource://gre/actors/AutoCompleteChild.jsm" line: 125}]' when calling method: [nsIAutoCompletePopup::selectedIndex]
1626460472650	Marionette	INFO	Stopped listening on port 12285
JavaScript error: resource:///modules/Interactions.jsm, line 209: NS_ERROR_FAILURE: Component returned failure code: 0x80004005 (NS_ERROR_FAILURE) [nsIUserIdleService.removeIdleObserver]

###!!! [Child][RunMessage] Error: Channel closing: too late to send/recv, messages will be lost

1626460473639	RemoteAgent	ERROR	unable to stop listener: TypeError: can't access property "destructor", this.targetList is null(chrome://remote/content/cdp/CDP.jsm:92:5) JS Stack trace: stop@CDP.jsm:92:5
close@RemoteAgent.jsm:138:21
1626460494655	geckodriver	INFO	Listening on 127.0.0.1:11418
1626460497708	mozrunner::runner	INFO	Running command: "C:\\Program Files\\Firefox Developer Edition\\firefox.exe" "--marionette" "--headless" "-foreground" "-no-remote" "-profile" "C:\\Users\\callm\\AppData\\Local\\Temp\\rust_mozprofileqnNuiJ"
*** You are running in headless mode.
1626460498233	Marionette	INFO	Marionette enabled
[GFX1-]: RenderCompositorSWGL failed mapping default framebuffer, no dt
console.warn: SearchSettings: "get: No settings file exists, new profile?" (new NotFoundError("Could not open the file at C:\\Users\\callm\\AppData\\Local\\Temp\\rust_mozprofileqnNuiJ\\search.json.mozlz4", (void 0)))
1626460500492	Marionette	INFO	Listening on port 11434
1626460500944	RemoteAgent	WARN	TLS certificate errors will be ignored for this session
JavaScript error: resource:///actors/FormValidationChild.jsm, line 177: TypeError: can't access property "ownerGlobal", this._element is null
JavaScript error: resource://gre/actors/AutoCompleteChild.jsm, line 125: Error: Invalid autocomplete selectedIndex
JavaScript error: resource://gre/actors/AutoCompleteChild.jsm, line 125: Error: Invalid autocomplete selectedIndex
JavaScript error: resource://gre/modules/LoginManagerChild.jsm, line 194: NS_ERROR_XPC_JAVASCRIPT_ERROR_WITH_DETAILS: [JavaScript Error: "Invalid autocomplete selectedIndex" {file: "resource://gre/actors/AutoCompleteChild.jsm" line: 125}]'[JavaScript Error: "Invalid autocomplete selectedIndex" {file: "resource://gre/actors/AutoCompleteChild.jsm" line: 125}]' when calling method: [nsIAutoCompletePopup::selectedIndex]
1626460504632	Marionette	INFO	Stopped listening on port 11434
JavaScript error: resource:///modules/Interactions.jsm, line 209: NS_ERROR_FAILURE: Component returned failure code: 0x80004005 (NS_ERROR_FAILURE) [nsIUserIdleService.removeIdleObserver]
1626460505374	RemoteAgent	ERROR	unable to stop listener: TypeError: can't access property "destructor", this.targetList is null(chrome://remote/content/cdp/CDP.jsm:92:5) JS Stack trace: stop@CDP.jsm:92:5
close@RemoteAgent.jsm:138:21
1626463506442	geckodriver	INFO	Listening on 127.0.0.1:11365
1626463509463	mozrunner::runner	INFO	Running command: "C:\\Program Files\\Firefox Developer Edition\\firefox.exe" "--marionette" "--headless" "-foreground" "-no-remote" "-profile" "C:\\Users\\callm\\AppData\\Local\\Temp\\rust_mozprofilevyKSi2"
*** You are running in headless mode.
1626463509983	Marionette	INFO	Marionette enabled
[GFX1-]: RenderCompositorSWGL failed mapping default framebuffer, no dt
console.warn: SearchSettings: "get: No settings file exists, new profile?" (new NotFoundError("Could not open the file at C:\\Users\\callm\\AppData\\Local\\Temp\\rust_mozprofilevyKSi2\\search.json.mozlz4", (void 0)))
1626463512474	Marionette	INFO	Listening on port 11376
1626463512699	RemoteAgent	WARN	TLS certificate errors will be ignored for this session
console.error: services.settings: 
  main/doh-config Signature failed  InvalidSignatureError: Invalid content signature (main/doh-config)
console.error: services.settings: 
  main/doh-config local data was corrupted
console.warn: services.settings: main/doh-config Signature verified failed. Retry from scratch
console.error: services.settings: 
  main/doh-providers Signature failed  InvalidSignatureError: Invalid content signature (main/doh-providers)
console.error: services.settings: 
  main/doh-providers local data was corrupted
console.warn: services.settings: main/doh-providers Signature verified failed. Retry from scratch
JavaScript error: , line 0: NS_ERROR_NOT_AVAILABLE
JavaScript error: , line 0: NotFoundError: Could not move source file(C:\Users\callm\AppData\Local\Temp\rust_mozprofilevyKSi2\bookmarkbackups\bookmarks-2021-07-16_11_85b89wfcgOJFe-OYR9mfBA==.jsonlz4) because it does not exist
Exiting due to channel error.

###!!! [Child][RunMessage] Error: Channel closing: too late to send/recv, messages will be lost

1626463632612	RemoteAgent	ERROR	unable to stop listener: TypeError: can't access property "destructor", this.targetList is null(chrome://remote/content/cdp/CDP.jsm:92:5) JS Stack trace: stop@CDP.jsm:92:5
close@RemoteAgent.jsm:138:21
1626463632854	geckodriver	INFO	Listening on 127.0.0.1:8026
1626463635900	mozrunner::runner	INFO	Running command: "C:\\Program Files\\Firefox Developer Edition\\firefox.exe" "--marionette" "-foreground" "-no-remote" "-profile" "C:\\Users\\callm\\AppData\\Local\\Temp\\rust_mozprofileh61kPp"
1626463636443	Marionette	INFO	Marionette enabled
console.warn: SearchSettings: "get: No settings file exists, new profile?" (new NotFoundError("Could not open the file at C:\\Users\\callm\\AppData\\Local\\Temp\\rust_mozprofileh61kPp\\search.json.mozlz4", (void 0)))
1626463640435	Marionette	INFO	Listening on port 8050
1626463640753	RemoteAgent	WARN	TLS certificate errors will be ignored for this session
console.error: services.settings: 
  main/doh-config Signature failed  InvalidSignatureError: Invalid content signature (main/doh-config)
console.error: services.settings: 
  main/doh-config local data was corrupted
console.warn: services.settings: main/doh-config Signature verified failed. Retry from scratch
console.error: services.settings: 
  main/doh-providers Signature failed  InvalidSignatureError: Invalid content signature (main/doh-providers)
console.error: services.settings: 
  main/doh-providers local data was corrupted
console.warn: services.settings: main/doh-providers Signature verified failed. Retry from scratch
1626464081903	Marionette	INFO	Stopped listening on port 8050
JavaScript error: resource:///modules/Interactions.jsm, line 209: NS_ERROR_FAILURE: Component returned failure code: 0x80004005 (NS_ERROR_FAILURE) [nsIUserIdleService.removeIdleObserver]
1626464082422	RemoteAgent	ERROR	unable to stop listener: TypeError: can't access property "destructor", this.targetList is null(chrome://remote/content/cdp/CDP.jsm:92:5) JS Stack trace: stop@CDP.jsm:92:5
close@RemoteAgent.jsm:138:21
ta\\Local\\Temp\\rust_mozprofileKwiNQb\\search.json.mozlz4", (void 0)))
1626464045151	Marionette	INFO	Listening on port 7917
1626464045678	RemoteAgent	WARN	TLS certificate errors will be ignored for this session
1626464047085	Marionette	INFO	Stopped listening on port 7917
JavaScript error: resource:///modules/Interactions.jsm, line 209: NS_ERROR_FAILURE: Component returned failure code: 0x80004005 (NS_ERROR_FAILURE) [nsIUserIdleService.removeIdleObserver]

###!!! [Parent][MessageChannel] Error: (msgtype=0x390076,name=PContent::Msg_DestroyBrowsingContextGroup) Closed channel: cannot send/recv

JavaScript error: resource://gre/modules/Sqlite.jsm, line 1030: Error: Sqlite.jsm has been shutdown. Cannot open connection to: C:\Users\callm\AppData\Local\Temp\rust_mozprofileKwiNQb\protections.sqlite

###!!! [Child][RunMessage] Error: Channel closing: too late to send/recv, messages will be lost

1626464048235	RemoteAgent	ERROR	unable to stop listener: TypeError: can't access property "destructor", this.targetList is null(chrome://remote/content/cdp/CDP.jsm:92:5) JS Stack trace: stop@CDP.jsm:92:5
close@RemoteAgent.jsm:138:21
1626464065238	geckodriver	INFO	Listening on 127.0.0.1:1500
1626464068283	mozrunner::runner	INFO	Running command: "C:\\Program Files\\Firefox Developer Edition\\firefox.exe" "--marionette" "-foreground" "-no-remote" "-profile" "C:\\Users\\callm\\AppData\\Local\\Temp\\rust_mozprofile7ZQooh"
1626464069096	Marionette	INFO	Marionette enabled
console.warn: SearchSettings: "get: No settings file exists, new profile?" (new NotFoundError("Could not open the file at C:\\Users\\callm\\AppData\\Local\\Temp\\rust_mozprofile7ZQooh\\search.json.mozlz4", (void 0)))
1626464072611	Marionette	INFO	Listening on port 1517
1626464073159	RemoteAgent	WARN	TLS certificate errors will be ignored for this session
1626464074701	Marionette	INFO	Stopped listening on port 1517
JavaScript error: resource:///modules/Interactions.jsm, line 209: NS_ERROR_FAILURE: Component returned failure code: 0x80004005 (NS_ERROR_FAILURE) [nsIUserIdleService.removeIdleObserver]

###!!! [Child][RunMessage] Error: Channel closing: too late to send/recv, messages will be lost


###!!! [Child][RunMessage] Error: Channel closing: too late to send/recv, messages will be lost


###!!! [Child][RunMessage] Error: Channel closing: too late to send/recv, messages will be lost

1626464075960	RemoteAgent	ERROR	unable to stop listener: TypeError: can't access property "destructor", this.targetList is null(chrome://remote/content/cdp/CDP.jsm:92:5) JS Stack trace: stop@CDP.jsm:92:5
close@RemoteAgent.jsm:138:21
1626464091909	geckodriver	INFO	Listening on 127.0.0.1:2100
1626464094959	mozrunner::runner	INFO	Running command: "C:\\Program Files\\Firefox Developer Edition\\firefox.exe" "--marionette" "-foreground" "-no-remote" "-profile" "C:\\Users\\callm\\AppData\\Local\\Temp\\rust_mozprofileQy84LP"
1626464095507	Marionette	INFO	Marionette enabled
console.warn: SearchSettings: "get: No settings file exists, new profile?" (new NotFoundError("Could not open the file at C:\\Users\\callm\\AppData\\Local\\Temp\\rust_mozprofileQy84LP\\search.json.mozlz4", (void 0)))
1626464099512	Marionette	INFO	Listening on port 2112
1626464099808	RemoteAgent	WARN	TLS certificate errors will be ignored for this session
console.error: services.settings: 
  main/doh-config Signature failed  InvalidSignatureError: Invalid content signature (main/doh-config)
console.error: services.settings: 
  main/doh-config local data was corrupted
console.warn: services.settings: main/doh-config Signature verified failed. Retry from scratch
console.error: services.settings: 
  main/doh-providers Signature failed  InvalidSignatureError: Invalid content signature (main/doh-providers)
console.error: services.settings: 
  main/doh-providers local data was corrupted
console.warn: services.settings: main/doh-providers Signature verified failed. Retry from scratch
JavaScript error: , line 0: NS_ERROR_NOT_AVAILABLE
1626465826283	Marionette	INFO	Stopped listening on port 2112
JavaScript error: resource:///modules/Interactions.jsm, line 209: NS_ERROR_FAILURE: Component returned failure code: 0x80004005 (NS_ERROR_FAILURE) [nsIUserIdleService.removeIdleObserver]

###!!! [Parent][RunMessage] Error: Channel closing: too late to send/recv, messages will be lost


###!!! [Child][RunMessage] Error: Channel closing: too late to send/recv, messages will be lost

1626465826551	RemoteAgent	ERROR	unable to stop listener: TypeError: can't access property "destructor", this.targetList is null(chrome://remote/content/cdp/CDP.jsm:92:5) JS Stack trace: stop@CDP.jsm:92:5
close@RemoteAgent.jsm:138:21
safeAsyncMethod" (new Error("Connection closed, pending request to server0.conn0.child4/domwalker23, type cancelPick failed\n\nRequest stack:\nrequest@resource://devtools/shared/protocol/Front.js:289:14\ngenerateRequestMethods/</frontProto[name]@resource://devtools/shared/protocol/Front/FrontClassWithSpec.js:46:19\ncancelPick@resource://devtools/client/fronts/walker.js:499:18\nexports.safeAsyncMethod/<@resource://devtools/shared/async-utils.js:55:25\n_onInspectorFrontDestroyed@resource://devtools/client/inspector/node-picker.js:113:18\nstop@resource://devtools/client/inspector/node-picker.js:176:18\n_destroyToolbox@resource://devtools/client/framework/toolbox.js:3747:24\ndestroy@resource://devtools/client/framework/toolbox.js:3685:10\ncloseToolbox@resource://devtools/client/framework/toolbox.js:3661:16\nonClick@resource://devtools/client/framework/components/ToolboxToolbar.js:456:26\ninvokeGuardedCallbackImpl@resource://devtools/client/shared/vendor/react-dom.js:74:10\ninvokeGuardedCallback@resource://devtools/client/shared/vendor/react-dom.js:111:29\ninvokeGuardedCallbackAndCatchFirstError@resource://devtools/client/shared/vendor/react-dom.js:125:25\nexecuteDispatch@resource://devtools/client/shared/vendor/react-dom.js:346:42\nexecuteDispatchesInOrder@resource://devtools/client/shared/vendor/react-dom.js:365:20\nexecuteDispatchesAndRelease@resource://devtools/client/shared/vendor/react-dom.js:462:29\nexecuteDispatchesAndReleaseTopLevel@resource://devtools/client/shared/vendor/react-dom.js:470:10\nforEachAccumulated@resource://devtools/client/shared/vendor/react-dom.js:444:8\nrunEventsInBatch@resource://devtools/client/shared/vendor/react-dom.js:598:21\nrunExtractedEventsInBatch@resource://devtools/client/shared/vendor/react-dom.js:606:19\nhandleTopLevel@resource://devtools/client/shared/vendor/react-dom.js:4272:30\nbatchedUpdates$1@resource://devtools/client/shared/vendor/react-dom.js:15752:12\nbatchedUpdates@resource://devtools/client/shared/vendor/react-dom.js:1882:12\ndispatchEvent@resource://devtools/client/shared/vendor/react-dom.js:4351:19\ninteractiveUpdates$1/<@resource://devtools/client/shared/vendor/react-dom.js:15803:14\nunstable_runWithPriority@resource://devtools/client/shared/vendor/react.js:617:12\ninteractiveUpdates$1@resource://devtools/client/shared/vendor/react-dom.js:15802:12\ninteractiveUpdates@resource://devtools/client/shared/vendor/react-dom.js:1901:10\ndispatchInteractiveEvent@resource://devtools/client/shared/vendor/react-dom.js:4328:21\n", "resource://devtools/shared/protocol/Front.js", 103))
JavaScript error: resource://devtools/client/inspector/grids/grid-inspector.js, line 101: TypeError: can't access property "highlighters", this.inspector is null
console.warn: "Async method failed in safeAsyncMethod" (new Error("Connection closed, pending request to server0.conn1.child4/domwalker24, type cancelPick failed\n\nRequest stack:\nrequest@resource://devtools/shared/protocol/Front.js:289:14\ngenerateRequestMethods/</frontProto[name]@resource://devtools/shared/protocol/Front/FrontClassWithSpec.js:46:19\ncancelPick@resource://devtools/client/fronts/walker.js:499:18\nexports.safeAsyncMethod/<@resource://devtools/shared/async-utils.js:55:25\n_onInspectorFrontDestroyed@resource://devtools/client/inspector/node-picker.js:113:18\nstop@resource://devtools/client/inspector/node-picker.js:176:18\n_destroyToolbox@resource://devtools/client/framework/toolbox.js:3747:24\ndestroy@resource://devtools/client/framework/toolbox.js:3685:10\ncloseToolbox@resource://devtools/client/framework/toolbox.js:3661:16\nonClick@resource://devtools/client/framework/components/ToolboxToolbar.js:456:26\ninvokeGuardedCallbackImpl@resource://devtools/client/shared/vendor/react-dom.js:74:10\ninvokeGuardedCallback@resource://devtools/client/shared/vendor/react-dom.js:111:29\ninvokeGuardedCallbackAndCatchFirstError@resource://devtools/client/shared/vendor/react-dom.js:125:25\nexecuteDispatch@resource://devtools/client/shared/vendor/react-dom.js:346:42\nexecuteDispatchesInOrder@resource://devtools/client/shared/vendor/react-dom.js:365:20\nexecuteDispatchesAndRelease@resource://devtools/client/shared/vendor/react-dom.js:462:29\nexecuteDispatchesAndReleaseTopLevel@resource://devtools/client/shared/vendor/react-dom.js:470:10\nforEachAccumulated@resource://devtools/client/shared/vendor/react-dom.js:444:8\nrunEventsInBatch@resource://devtools/client/shared/vendor/react-dom.js:598:21\nrunExtractedEventsInBatch@resource://devtools/client/shared/vendor/react-dom.js:606:19\nhandleTopLevel@resource://devtools/client/shared/vendor/react-dom.js:4272:30\nbatchedUpdates$1@resource://devtools/client/shared/vendor/react-dom.js:15752:12\nbatchedUpdates@resource://devtools/client/shared/vendor/react-dom.js:1882:12\ndispatchEvent@resource://devtools/client/shared/vendor/react-dom.js:4351:19\ninteractiveUpdates$1/<@resource://devtools/client/shared/vendor/react-dom.js:15803:14\nunstable_runWithPriority@resource://devtools/client/shared/vendor/react.js:617:12\ninteractiveUpdates$1@resource://devtools/client/shared/vendor/react-dom.js:15802:12\ninteractiveUpdates@resource://devtools/client/shared/vendor/react-dom.js:1901:10\ndispatchInteractiveEvent@resource://devtools/client/shared/vendor/react-dom.js:4328:21\n", "resource://devtools/shared/protocol/Front.js", 103))
JavaScript error: resource://devtools/client/inspector/grids/grid-inspector.js, line 101: TypeError: can't access property "highlighters", this.inspector is null
JavaScript warning: http://delta.world-of-dungeons.org/wod/spiel/settings/heroes.php, line 1: unreachable code after return statement
console.error: services.settings: 
  main/doh-config Signature failed  InvalidSignatureError: Invalid content signature (main/doh-config)
console.error: services.settings: 
  main/doh-config local data was corrupted
console.warn: services.settings: main/doh-config Signature verified failed. Retry from scratch
console.error: services.settings: 
  main/doh-providers Signature failed  InvalidSignatureError: Invalid content signature (main/doh-providers)
console.error: services.settings: 
  main/doh-providers local data was corrupted
console.warn: services.settings: main/doh-providers Signature verified failed. Retry from scratch
JavaScript error: , line 0: NS_ERROR_NOT_AVAILABLE
console.warn: "Async method failed in safeAsyncMethod" (new Error("Connection closed, pending request to server0.conn2.child4/domwalker23, type cancelPick failed\n\nRequest stack:\nrequest@resource://devtools/shared/protocol/Front.js:289:14\ngenerateRequestMethods/</frontProto[name]@resource://devtools/shared/protocol/Front/FrontClassWithSpec.js:46:19\ncancelPick@resource://devtools/client/fronts/walker.js:499:18\nexports.safeAsyncMethod/<@resource://devtools/shared/async-utils.js:55:25\n_onInspectorFrontDestroyed@resource://devtools/client/inspector/node-picker.js:113:18\nstop@resource://devtools/client/inspector/node-picker.js:176:18\n_destroyToolbox@resource://devtools/client/framework/toolbox.js:3747:24\ndestroy@resource://devtools/client/framework/toolbox.js:3685:10\n_forgetBrowserWindow@resource://devtools/client/framework/devtools-browser.js:702:17\nhandleEvent@resource://devtools/client/framework/devtools-browser.js:723:26\n", "resource://devtools/shared/protocol/Front.js", 103))
1626465828799	Marionette	INFO	Stopped listening on port 11566
JavaScript error: resource:///modules/Interactions.jsm, line 209: NS_ERROR_FAILURE: Component returned failure code: 0x80004005 (NS_ERROR_FAILURE) [nsIUserIdleService.removeIdleObserver]

###!!! [Child][RunMessage] Error: Channel closing: too late to send/recv, messages will be lost

1626465829171	RemoteAgent	ERROR	unable to stop listener: TypeError: can't access property "destructor", this.targetList is null(chrome://remote/content/cdp/CDP.jsm:92:5) JS Stack trace: stop@CDP.jsm:92:5
close@RemoteAgent.jsm:138:21
arionette	INFO	Marionette enabled
console.warn: SearchSettings: "get: No settings file exists, new profile?" (new NotFoundError("Could not open the file at C:\\Users\\callm\\AppData\\Local\\Temp\\rust_mozprofilerZQTN9\\search.json.mozlz4", (void 0)))
1626465726370	Marionette	INFO	Listening on port 1274
1626465726700	RemoteAgent	WARN	TLS certificate errors will be ignored for this session
1626465821268	Marionette	INFO	Stopped listening on port 1274
JavaScript error: resource:///modules/Interactions.jsm, line 209: NS_ERROR_FAILURE: Component returned failure code: 0x80004005 (NS_ERROR_FAILURE) [nsIUserIdleService.removeIdleObserver]
1626465822169	RemoteAgent	ERROR	unable to stop listener: TypeError: can't access property "destructor", this.targetList is null(chrome://remote/content/cdp/CDP.jsm:92:5) JS Stack trace: stop@CDP.jsm:92:5
close@RemoteAgent.jsm:138:21
ata\\Local\\Temp\\rust_mozprofileA0XsG6\\search.json.mozlz4", (void 0)))
1626465769338	Marionette	INFO	Listening on port 12845
1626465769832	RemoteAgent	WARN	TLS certificate errors will be ignored for this session
1626465819748	Marionette	INFO	Stopped listening on port 12845
JavaScript error: resource:///modules/Interactions.jsm, line 209: NS_ERROR_FAILURE: Component returned failure code: 0x80004005 (NS_ERROR_FAILURE) [nsIUserIdleService.removeIdleObserver]

###!!! [Child][RunMessage] Error: Channel closing: too late to send/recv, messages will be lost

1626465820798	RemoteAgent	ERROR	unable to stop listener: TypeError: can't access property "destructor", this.targetList is null(chrome://remote/content/cdp/CDP.jsm:92:5) JS Stack trace: stop@CDP.jsm:92:5
close@RemoteAgent.jsm:138:21
1626465831879	geckodriver	INFO	Listening on 127.0.0.1:1236
1626465834906	mozrunner::runner	INFO	Running command: "C:\\Program Files\\Firefox Developer Edition\\firefox.exe" "--marionette" "-foreground" "-no-remote" "-profile" "C:\\Users\\callm\\AppData\\Local\\Temp\\rust_mozprofileQG4gcG"
1626465835610	Marionette	INFO	Marionette enabled
console.warn: SearchSettings: "get: No settings file exists, new profile?" (new NotFoundError("Could not open the file at C:\\Users\\callm\\AppData\\Local\\Temp\\rust_mozprofileQG4gcG\\search.json.mozlz4", (void 0)))
1626465839816	Marionette	INFO	Listening on port 1252
1626465840241	RemoteAgent	WARN	TLS certificate errors will be ignored for this session
console.error: services.settings: 
  main/doh-config Signature failed  InvalidSignatureError: Invalid content signature (main/doh-config)
console.error: services.settings: 
  main/doh-config local data was corrupted
console.warn: services.settings: main/doh-config Signature verified failed. Retry from scratch
console.error: services.settings: 
  main/doh-providers Signature failed  InvalidSignatureError: Invalid content signature (main/doh-providers)
console.error: services.settings: 
  main/doh-providers local data was corrupted
console.warn: services.settings: main/doh-providers Signature verified failed. Retry from scratch
1626466331285	Marionette	INFO	Stopped listening on port 1252
JavaScript error: resource:///modules/Interactions.jsm, line 209: NS_ERROR_FAILURE: Component returned failure code: 0x80004005 (NS_ERROR_FAILURE) [nsIUserIdleService.removeIdleObserver]

###!!! [Child][RunMessage] Error: Channel closing: too late to send/recv, messages will be lost

1626466331692	RemoteAgent	ERROR	unable to stop listener: TypeError: can't access property "destructor", this.targetList is null(chrome://remote/content/cdp/CDP.jsm:92:5) JS Stack trace: stop@CDP.jsm:92:5
close@RemoteAgent.jsm:138:21
1626466333873	geckodriver	INFO	Listening on 127.0.0.1:5472
1626466336924	mozrunner::runner	INFO	Running command: "C:\\Program Files\\Firefox Developer Edition\\firefox.exe" "--marionette" "-foreground" "-no-remote" "-profile" "C:\\Users\\callm\\AppData\\Local\\Temp\\rust_mozprofileEHyL7c"
1626466337612	Marionette	INFO	Marionette enabled
console.warn: SearchSettings: "get: No settings file exists, new profile?" (new NotFoundError("Could not open the file at C:\\Users\\callm\\AppData\\Local\\Temp\\rust_mozprofileEHyL7c\\search.json.mozlz4", (void 0)))
1626466341222	Marionette	INFO	Listening on port 5482
1626466341303	RemoteAgent	WARN	TLS certificate errors will be ignored for this session
1626466361749	Marionette	INFO	Stopped listening on port 5482
JavaScript error: resource:///modules/Interactions.jsm, line 209: NS_ERROR_FAILURE: Component returned failure code: 0x80004005 (NS_ERROR_FAILURE) [nsIUserIdleService.removeIdleObserver]
1626466362651	RemoteAgent	ERROR	unable to stop listener: TypeError: can't access property "destructor", this.targetList is null(chrome://remote/content/cdp/CDP.jsm:92:5) JS Stack trace: stop@CDP.jsm:92:5
close@RemoteAgent.jsm:138:21
1626466363578	geckodriver	INFO	Listening on 127.0.0.1:13949
1626466366617	mozrunner::runner	INFO	Running command: "C:\\Program Files\\Firefox Developer Edition\\firefox.exe" "--marionette" "-foreground" "-no-remote" "-profile" "C:\\Users\\callm\\AppData\\Local\\Temp\\rust_mozprofile3H96vD"
1626466367308	Marionette	INFO	Marionette enabled
console.warn: SearchSettings: "get: No settings file exists, new profile?" (new NotFoundError("Could not open the file at C:\\Users\\callm\\AppData\\Local\\Temp\\rust_mozprofile3H96vD\\search.json.mozlz4", (void 0)))
1626466371224	Marionette	INFO	Listening on port 13959
1626466371485	RemoteAgent	WARN	TLS certificate errors will be ignored for this session
1626466434043	Marionette	INFO	Stopped listening on port 13959
JavaScript error: resource:///modules/Interactions.jsm, line 209: NS_ERROR_FAILURE: Component returned failure code: 0x80004005 (NS_ERROR_FAILURE) [nsIUserIdleService.removeIdleObserver]

###!!! [Child][RunMessage] Error: Channel closing: too late to send/recv, messages will be lost


###!!! [Child][MessageChannel] Error: (msgtype=0x3900E5,name=PContent::Msg_GraphicsError) Channel closing: too late to send/recv, messages will be lost

[GFX1-]: Receive IPC close with reason=AbnormalShutdown
1626466438476	RemoteAgent	ERROR	unable to stop listener: TypeError: can't access property "destructor", this.targetList is null(chrome://remote/content/cdp/CDP.jsm:92:5) JS Stack trace: stop@CDP.jsm:92:5
close@RemoteAgent.jsm:138:21
1626468470196	geckodriver	INFO	Listening on 127.0.0.1:7988
1626468473209	mozrunner::runner	INFO	Running command: "C:\\Program Files\\Firefox Developer Edition\\firefox.exe" "--marionette" "-foreground" "-no-remote" "-profile" "C:\\Users\\callm\\AppData\\Local\\Temp\\rust_mozprofilej0KpJb"
1626468474443	Marionette	INFO	Marionette enabled
console.warn: SearchSettings: "get: No settings file exists, new profile?" (new NotFoundError("Could not open the file at C:\\Users\\callm\\AppData\\Local\\Temp\\rust_mozprofilej0KpJb\\search.json.mozlz4", (void 0)))
1626468479098	Marionette	INFO	Listening on port 8008
1626468479513	RemoteAgent	WARN	TLS certificate errors will be ignored for this session
console.error: services.settings: 
  main/doh-config Signature failed  InvalidSignatureError: Invalid content signature (main/doh-config)
console.error: services.settings: 
  main/doh-config local data was corrupted
console.warn: services.settings: main/doh-config Signature verified failed. Retry from scratch
console.error: services.settings: 
  main/doh-providers Signature failed  InvalidSignatureError: Invalid content signature (main/doh-providers)
console.error: services.settings: 
  main/doh-providers local data was corrupted
console.warn: services.settings: main/doh-providers Signature verified failed. Retry from scratch
JavaScript error: resource://gre/modules/psm/RemoteSecuritySettings.jsm, line 658: NS_ERROR_ILLEGAL_VALUE: Component returned failure code: 0x80070057 (NS_ERROR_ILLEGAL_VALUE) [nsIXPCComponents_Utils.reportError]
JavaScript error: , line 0: NS_ERROR_NOT_AVAILABLE
console.warn: "Resource  of root-node was not found."
console.warn: "Resource  of root-node was not found."
console.error: "Error while calling actor 'pagestyle's method 'getLayout'" "can't access property \"rawNode\", node is null"
console.error: (new TypeError("can't access property \"rawNode\", node is null", "resource://devtools/server/actors/page-style.js", 1001))
console.error: "Error while calling actor 'pagestyle's method 'getApplied'" "can't access property \"rawNode\", node is null"
console.error: (new TypeError("can't access property \"rawNode\", node is null", "resource://devtools/server/actors/page-style.js", 570))
console.error: (new Error("Protocol error (TypeError): can't access property \"rawNode\", node is null from: server0.conn0.child4/pagestyle24 (resource://devtools/server/actors/page-style.js:1001:5)", "resource://devtools/shared/protocol/Front.js", 362))
console.error: (new Error("Protocol error (noSuchActor): No such actor for ID: server0.conn0.child4/domnode461 from: server0.conn0.child4/domnode461", "resource://devtools/shared/protocol/Front.js", 362))
console.error: "Error writing request: getGrids"
console.error: (new TypeError("can't access property \"parentNode\", currentNode is null", "resource://devtools/client/inspector/shared/style-change-tracker.js", 66))
TypeError: can't access property "parentNode", currentNode is null: canMutationImpactCurrentStyles@resource://devtools/client/inspector/shared/style-change-tracker.js:66:20
onMutations@resource://devtools/client/inspector/shared/style-change-tracker.js:84:41
_emit@resource://devtools/shared/event-emitter.js:226:34
emit@resource://devtools/shared/event-emitter.js:172:18
emit@resource://devtools/shared/event-emitter.js:324:18
getMutations@resource://devtools/client/fronts/walker.js:311:10

console.error: "Error while calling actor 'pagestyle's method 'getLayout'" "can't access property \"rawNode\", node is null"
console.error: (new TypeError("can't access property \"rawNode\", node is null", "resource://devtools/server/actors/page-style.js", 1001))
console.warn: "Resource  of root-node was not found."
console.error: (new Error("Protocol error (TypeError): can't access property \"rawNode\", node is null from: server0.conn0.child4/pagestyle24 (resource://devtools/server/actors/page-style.js:1001:5)", "resource://devtools/shared/protocol/Front.js", 362))
console.error: (new Error("Protocol error (noSuchActor): No such actor for ID: server0.conn0.child4/domnode494 from: server0.conn0.child4/domnode494", "resource://devtools/shared/protocol/Front.js", 362))
console.error: "Error while calling actor 'pagestyle's method 'getApplied'" "can't access property \"rawNode\", node is null"
console.error: (new TypeError("can't access property \"rawNode\", node is null", "resource://devtools/server/actors/page-style.js", 570))
console.error: "Error writing request: getGrids"
console.warn: "Resource  of root-node was not found."
console.error: "Error while calling actor 'pagestyle's method 'getLayout'" "can't access property \"rawNode\", node is null"
console.error: (new TypeError("can't access property \"rawNode\", node is null", "resource://devtools/server/actors/page-style.js", 1001))
console.error: "Error while calling actor 'pagestyle's method 'getApplied'" "can't access property \"rawNode\", node is null"
console.error: (new TypeError("can't access property \"rawNode\", node is null", "resource://devtools/server/actors/page-style.js", 570))
console.error: (new Error("Protocol error (TypeError): can't access property \"rawNode\", node is null from: server0.conn0.child4/pagestyle24 (resource://devtools/server/actors/page-style.js:1001:5)", "resource://devtools/shared/protocol/Front.js", 362))
console.error: (new Error("Protocol error (noSuchActor): No such actor for ID: server0.conn0.child4/domnode510 from: server0.conn0.child4/domnode510", "resource://devtools/shared/protocol/Front.js", 362))
console.error: "Error writing request: getGrids"
console.warn: "Resource  of root-node was not found."
console.warn: "Resource  of root-node was not found."
console.warn: "Resource  of root-node was not found."
console.warn: "Resource  of root-node was not found."
console.warn: "Resource  of root-node was not found."
console.warn: "Resource  of root-node was not found."
console.warn: "Resource  of root-node was not found."
console.warn: "Resource  of root-node was not found."
console.error: "Error writing request: getGrids"
console.error: "stylesheets: fetch failed for http://delta.world-of-dungeons.org/wod/css//skins/skin-4/skin-cn.css?1625981189, using system principal instead."
console.error: "stylesheets: fetch failed for http://delta.world-of-dungeons.org/wod/css/layout.css?1625981189, using system principal instead."
console.error: (new TypeError("can't access property \"parentNode\", currentNode is null", "resource://devtools/client/inspector/shared/style-change-tracker.js", 66))
TypeError: can't access property "parentNode", currentNode is null: canMutationImpactCurrentStyles@resource://devtools/client/inspector/shared/style-change-tracker.js:66:20
onMutations@resource://devtools/client/inspector/shared/style-change-tracker.js:84:41
_emit@resource://devtools/shared/event-emitter.js:226:34
emit@resource://devtools/shared/event-emitter.js:172:18
emit@resource://devtools/shared/event-emitter.js:324:18
getMutations@resource://devtools/client/fronts/walker.js:311:10

console.error: "Error while calling actor 'pagestyle's method 'getApplied'" "InspectorUtils.hasRulesModifiedByCSSOM: Argument 1 does not implement interface CSSStyleSheet."
console.error: (new TypeError("InspectorUtils.hasRulesModifiedByCSSOM: Argument 1 does not implement interface CSSStyleSheet.", "resource://devtools/server/actors/style-rule.js", 157))
console.error: "Error while calling actor 'pagestyle's method 'getApplied'" "InspectorUtils.hasRulesModifiedByCSSOM: Argument 1 does not implement interface CSSStyleSheet."
console.error: (new TypeError("InspectorUtils.hasRulesModifiedByCSSOM: Argument 1 does not implement interface CSSStyleSheet.", "resource://devtools/server/actors/style-rule.js", 157))
console.error: "Error while calling actor 'pagestyle's method 'getLayout'" "can't access property \"rawNode\", node is null"
console.error: (new TypeError("can't access property \"rawNode\", node is null", "resource://devtools/server/actors/page-style.js", 1001))
console.error: (new Error("Protocol error (TypeError): InspectorUtils.hasRulesModifiedByCSSOM: Argument 1 does not implement interface CSSStyleSheet. from: server0.conn0.child4/pagestyle24 (resource://devtools/server/actors/style-rule.js:157:25)", "resource://devtools/shared/protocol/Front.js", 362))
console.error: (new Error("Protocol error (TypeError): can't access property \"rawNode\", node is null from: server0.conn0.child4/pagestyle24 (resource://devtools/server/actors/page-style.js:1001:5)", "resource://devtools/shared/protocol/Front.js", 362))
console.warn: "Resource  of root-node was not found."
console.warn: "Resource  of root-node was not found."
console.error: "Error while calling actor 'pagestyle's method 'getApplied'" "can't access property \"rawNode\", node is null"
console.error: (new TypeError("can't access property \"rawNode\", node is null", "resource://devtools/server/actors/page-style.js", 570))
console.warn: "Resource  of root-node was not found."
console.error: "Error while calling actor 'pagestyle's method 'getApplied'" "can't access property \"rawNode\", node is null"
console.error: (new TypeError("can't access property \"rawNode\", node is null", "resource://devtools/server/actors/page-style.js", 570))
console.error: "Error writing request: getGrids"
console.error: (new Error("Protocol error (TypeError): can't access property \"rawNode\", node is null from: server0.conn0.child4/pagestyle24 (resource://devtools/server/actors/page-style.js:570:5)", "resource://devtools/shared/protocol/Front.js", 362))
console.warn: "Resource  of root-node was not found."
console.warn: "Resource  of root-node was not found."
console.warn: "Resource  of root-node was not found."
console.error: "Error while calling actor 'pagestyle's method 'getLayout'" "can't access property \"rawNode\", node is null"
console.error: (new TypeError("can't access property \"rawNode\", node is null", "resource://devtools/server/actors/page-style.js", 1001))
console.error: "Error while calling actor 'pagestyle's method 'getApplied'" "can't access property \"rawNode\", node is null"
console.error: (new TypeError("can't access property \"rawNode\", node is null", "resource://devtools/server/actors/page-style.js", 570))
console.error: (new Error("Protocol error (TypeError): can't access property \"rawNode\", node is null from: server0.conn0.child4/pagestyle24 (resource://devtools/server/actors/page-style.js:1001:5)", "resource://devtools/shared/protocol/Front.js", 362))
console.error: (new Error("Protocol error (noSuchActor): No such actor for ID: server0.conn0.child4/domnode1576 from: server0.conn0.child4/domnode1576", "resource://devtools/shared/protocol/Front.js", 362))
console.error: "Error writing request: getGrids"
console.warn: "Resource  of root-node was not found."
1626469602272	Marionette	INFO	Stopped listening on port 8008
JavaScript error: resource:///modules/Interactions.jsm, line 209: NS_ERROR_FAILURE: Component returned failure code: 0x80004005 (NS_ERROR_FAILURE) [nsIUserIdleService.removeIdleObserver]
JavaScript error: chrome://remote/content/marionette/cert.js, line 55: NS_ERROR_NOT_AVAILABLE: Component returned failure code: 0x80040111 (NS_ERROR_NOT_AVAILABLE) [nsICertOverrideService.setDisableAllSecurityChecksAndLetAttackersInterceptMyData]

###!!! [Child][RunMessage] Error: Channel closing: too late to send/recv, messages will be lost

1626469602603	RemoteAgent	ERROR	unable to stop listener: TypeError: can't access property "destructor", this.targetList is null(chrome://remote/content/cdp/CDP.jsm:92:5) JS Stack trace: stop@CDP.jsm:92:5
close@RemoteAgent.jsm:138:21
1626469696145	geckodriver	INFO	Listening on 127.0.0.1:3918
1626469699169	mozrunner::runner	INFO	Running command: "C:\\Program Files\\Firefox Developer Edition\\firefox.exe" "--marionette" "-foreground" "-no-remote" "-profile" "C:\\Users\\callm\\AppData\\Local\\Temp\\rust_mozprofileAivfJA"
1626469700007	Marionette	INFO	Marionette enabled
console.warn: SearchSettings: "get: No settings file exists, new profile?" (new NotFoundError("Could not open the file at C:\\Users\\callm\\AppData\\Local\\Temp\\rust_mozprofileAivfJA\\search.json.mozlz4", (void 0)))
1626469704611	Marionette	INFO	Listening on port 3928
1626469705093	RemoteAgent	WARN	TLS certificate errors will be ignored for this session
console.error: services.settings: 
  main/doh-config Signature failed  InvalidSignatureError: Invalid content signature (main/doh-config)
console.error: services.settings: 
  main/doh-config local data was corrupted
console.warn: services.settings: main/doh-config Signature verified failed. Retry from scratch
console.error: services.settings: 
  main/doh-providers Signature failed  InvalidSignatureError: Invalid content signature (main/doh-providers)
console.error: services.settings: 
  main/doh-providers local data was corrupted
console.warn: services.settings: main/doh-providers Signature verified failed. Retry from scratch
console.warn: "Resource  of root-node was not found."
console.warn: "Resource  of root-node was not found."
console.warn: "Resource  of root-node was not found."
console.error: (new Error("Protocol error (noSuchActor): No such actor for ID: server0.conn0.child4/domnode4192 from: server0.conn0.child4/domnode4192", "resource://devtools/shared/protocol/Front.js", 362))
JavaScript error: , line 0: NS_ERROR_NOT_AVAILABLE
console.warn: "Resource  of root-node was not found."
console.warn: "Resource  of root-node was not found."
console.warn: "Resource  of root-node was not found."
console.warn: "Resource  of root-node was not found."
console.warn: "Resource  of root-node was not found."
console.warn: "Resource  of root-node was not found."
console.warn: "Resource  of root-node was not found."
console.warn: "Resource  of root-node was not found."
console.warn: "Resource  of root-node was not found."
console.warn: "Resource  of root-node was not found."
console.warn: "Resource  of root-node was not found."
JavaScript warning: http://delta.world-of-dungeons.org/wod/spiel/settings/heroes.php?session_hero_id=100555, line 1: unreachable code after return statement
1626474187923	Marionette	INFO	Stopped listening on port 3928
JavaScript error: resource:///modules/Interactions.jsm, line 209: NS_ERROR_FAILURE: Component returned failure code: 0x80004005 (NS_ERROR_FAILURE) [nsIUserIdleService.removeIdleObserver]
JavaScript error: chrome://remote/content/marionette/cert.js, line 55: NS_ERROR_NOT_AVAILABLE: Component returned failure code: 0x80040111 (NS_ERROR_NOT_AVAILABLE) [nsICertOverrideService.setDisableAllSecurityChecksAndLetAttackersInterceptMyData]

###!!! [Child][RunMessage] Error: Channel closing: too late to send/recv, messages will be lost

1626474188255	RemoteAgent	ERROR	unable to stop listener: TypeError: can't access property "destructor", this.targetList is null(chrome://remote/content/cdp/CDP.jsm:92:5) JS Stack trace: stop@CDP.jsm:92:5
close@RemoteAgent.jsm:138:21
1626518866910	geckodriver	INFO	Listening on 127.0.0.1:9986
1626518869959	mozrunner::runner	INFO	Running command: "C:\\Program Files\\Firefox Developer Edition\\firefox.exe" "--marionette" "-foreground" "-no-remote" "-profile" "C:\\Users\\callm\\AppData\\Local\\Temp\\rust_mozprofileiKAsL0"
1626518870579	Marionette	INFO	Marionette enabled
console.warn: SearchSettings: "get: No settings file exists, new profile?" (new NotFoundError("Could not open the file at C:\\Users\\callm\\AppData\\Local\\Temp\\rust_mozprofileiKAsL0\\search.json.mozlz4", (void 0)))
1626518875217	Marionette	INFO	Listening on port 9997
1626518875326	RemoteAgent	WARN	TLS certificate errors will be ignored for this session
console.error: services.settings: 
  main/doh-config Signature failed  InvalidSignatureError: Invalid content signature (main/doh-config)
console.error: services.settings: 
  main/doh-config local data was corrupted
console.warn: services.settings: main/doh-config Signature verified failed. Retry from scratch
console.error: services.settings: 
  main/doh-providers Signature failed  InvalidSignatureError: Invalid content signature (main/doh-providers)
console.error: services.settings: 
  main/doh-providers local data was corrupted
console.warn: services.settings: main/doh-providers Signature verified failed. Retry from scratch
JavaScript error: resource://gre/modules/psm/RemoteSecuritySettings.jsm, line 658: NS_ERROR_ILLEGAL_VALUE: Component returned failure code: 0x80070057 (NS_ERROR_ILLEGAL_VALUE) [nsIXPCComponents_Utils.reportError]
JavaScript error: , line 0: NS_ERROR_NOT_AVAILABLE
1626532982494	Marionette	INFO	Stopped listening on port 9997
JavaScript error: resource:///modules/Interactions.jsm, line 209: NS_ERROR_FAILURE: Component returned failure code: 0x80004005 (NS_ERROR_FAILURE) [nsIUserIdleService.removeIdleObserver]
JavaScript error: chrome://remote/content/marionette/cert.js, line 55: NS_ERROR_NOT_AVAILABLE: Component returned failure code: 0x80040111 (NS_ERROR_NOT_AVAILABLE) [nsICertOverrideService.setDisableAllSecurityChecksAndLetAttackersInterceptMyData]

###!!! [Child][RunMessage] Error: Channel closing: too late to send/recv, messages will be lost

1626532992444	RemoteAgent	ERROR	unable to stop listener: TypeError: can't access property "destructor", this.targetList is null(chrome://remote/content/cdp/CDP.jsm:92:5) JS Stack trace: stop@CDP.jsm:92:5
close@RemoteAgent.jsm:138:21
1626534331546	geckodriver	INFO	Listening on 127.0.0.1:2864
1626534334603	mozrunner::runner	INFO	Running command: "C:\\Program Files\\Firefox Developer Edition\\firefox.exe" "--marionette" "-foreground" "-no-remote" "-profile" "C:\\Users\\callm\\AppData\\Local\\Temp\\rust_mozprofileoCxTVx"
1626534335736	Marionette	INFO	Marionette enabled
console.warn: SearchSettings: "get: No settings file exists, new profile?" (new NotFoundError("Could not open the file at C:\\Users\\callm\\AppData\\Local\\Temp\\rust_mozprofileoCxTVx\\search.json.mozlz4", (void 0)))
1626534340270	Marionette	INFO	Listening on port 2874
1626534340502	RemoteAgent	WARN	TLS certificate errors will be ignored for this session
console.error: services.settings: 
  main/doh-config Signature failed  InvalidSignatureError: Invalid content signature (main/doh-config)
console.error: services.settings: 
  main/doh-config local data was corrupted
console.warn: services.settings: main/doh-config Signature verified failed. Retry from scratch
console.error: services.settings: 
  main/doh-providers Signature failed  InvalidSignatureError: Invalid content signature (main/doh-providers)
console.error: services.settings: 
  main/doh-providers local data was corrupted
console.warn: services.settings: main/doh-providers Signature verified failed. Retry from scratch
JavaScript error: resource://gre/modules/psm/RemoteSecuritySettings.jsm, line 658: NS_ERROR_ILLEGAL_VALUE: Component returned failure code: 0x80070057 (NS_ERROR_ILLEGAL_VALUE) [nsIXPCComponents_Utils.reportError]
JavaScript warning: http://delta.world-of-dungeons.org/wod/spiel/hero/items.php?view=groupcellar&session_hero_id=102415, line 1: unreachable code after return statement
JavaScript error: , line 0: NS_ERROR_NOT_AVAILABLE
1626538143249	Marionette	INFO	Stopped listening on port 2874
JavaScript error: resource:///modules/Interactions.jsm, line 209: NS_ERROR_FAILURE: Component returned failure code: 0x80004005 (NS_ERROR_FAILURE) [nsIUserIdleService.removeIdleObserver]

###!!! [Child][MessageChannel] Error: (msgtype=0x390154,name=PContent::Msg_InsertNewFocusActionId) Closed channel: cannot send/recv

1626596823637	geckodriver	INFO	Listening on 127.0.0.1:8889
1626596826744	mozrunner::runner	INFO	Running command: "C:\\Program Files\\Firefox Developer Edition\\firefox.exe" "--marionette" "-foreground" "-no-remote" "-profile" "C:\\Users\\callm\\AppData\\Local\\Temp\\rust_mozprofileLjGqz1"
1626596827501	Marionette	INFO	Marionette enabled
console.warn: SearchSettings: "get: No settings file exists, new profile?" (new NotFoundError("Could not open the file at C:\\Users\\callm\\AppData\\Local\\Temp\\rust_mozprofileLjGqz1\\search.json.mozlz4", (void 0)))
1626596830707	Marionette	INFO	Listening on port 8898
1626596830963	RemoteAgent	WARN	TLS certificate errors will be ignored for this session
JavaScript warning: http://delta.world-of-dungeons.org/wod/spiel//dungeon/report.php?session_hero_id=100555, line 1: unreachable code after return statement
console.error: services.settings: 
  main/doh-config Signature failed  InvalidSignatureError: Invalid content signature (main/doh-config)
console.error: services.settings: 
  main/doh-config local data was corrupted
console.warn: services.settings: main/doh-config Signature verified failed. Retry from scratch
console.error: services.settings: 
  main/doh-providers Signature failed  InvalidSignatureError: Invalid content signature (main/doh-providers)
console.error: services.settings: 
  main/doh-providers local data was corrupted
console.warn: services.settings: main/doh-providers Signature verified failed. Retry from scratch
JavaScript error: , line 0: NS_ERROR_NOT_AVAILABLE
1626599250199	Marionette	INFO	Stopped listening on port 8898
JavaScript error: resource:///modules/Interactions.jsm, line 209: NS_ERROR_FAILURE: Component returned failure code: 0x80004005 (NS_ERROR_FAILURE) [nsIUserIdleService.removeIdleObserver]
1626599250434	RemoteAgent	ERROR	unable to stop listener: TypeError: can't access property "destructor", this.targetList is null(chrome://remote/content/cdp/CDP.jsm:92:5) JS Stack trace: stop@CDP.jsm:92:5
close@RemoteAgent.jsm:138:21
1626599251784	geckodriver	INFO	Listening on 127.0.0.1:2183
1626599254831	mozrunner::runner	INFO	Running command: "C:\\Program Files\\Firefox Developer Edition\\firefox.exe" "--marionette" "-foreground" "-no-remote" "-profile" "C:\\Users\\callm\\AppData\\Local\\Temp\\rust_mozprofileU3v7hI"
1626599255496	Marionette	INFO	Marionette enabled
console.warn: SearchSettings: "get: No settings file exists, new profile?" (new NotFoundError("Could not open the file at C:\\Users\\callm\\AppData\\Local\\Temp\\rust_mozprofileU3v7hI\\search.json.mozlz4", (void 0)))
1626599258701	Marionette	INFO	Listening on port 2194
1626599259068	RemoteAgent	WARN	TLS certificate errors will be ignored for this session
1626599458595	Marionette	INFO	Stopped listening on port 2194
JavaScript error: resource:///modules/Interactions.jsm, line 209: NS_ERROR_FAILURE: Component returned failure code: 0x80004005 (NS_ERROR_FAILURE) [nsIUserIdleService.removeIdleObserver]

###!!! [Child][RunMessage] Error: Channel closing: too late to send/recv, messages will be lost

1626599458995	RemoteAgent	ERROR	unable to stop listener: TypeError: can't access property "destructor", this.targetList is null(chrome://remote/content/cdp/CDP.jsm:92:5) JS Stack trace: stop@CDP.jsm:92:5
close@RemoteAgent.jsm:138:21
1626599461404	geckodriver	INFO	Listening on 127.0.0.1:5575
1626599464447	mozrunner::runner	INFO	Running command: "C:\\Program Files\\Firefox Developer Edition\\firefox.exe" "--marionette" "-foreground" "-no-remote" "-profile" "C:\\Users\\callm\\AppData\\Local\\Temp\\rust_mozprofileB92d2R"
1626599465239	Marionette	INFO	Marionette enabled
console.warn: SearchSettings: "get: No settings file exists, new profile?" (new NotFoundError("Could not open the file at C:\\Users\\callm\\AppData\\Local\\Temp\\rust_mozprofileB92d2R\\search.json.mozlz4", (void 0)))
1626599469288	Marionette	INFO	Listening on port 5585
1626599469805	RemoteAgent	WARN	TLS certificate errors will be ignored for this session
1626599662596	Marionette	INFO	Stopped listening on port 5585
JavaScript error: resource:///modules/Interactions.jsm, line 209: NS_ERROR_FAILURE: Component returned failure code: 0x80004005 (NS_ERROR_FAILURE) [nsIUserIdleService.removeIdleObserver]

###!!! [Child][RunMessage] Error: Channel closing: too late to send/recv, messages will be lost

1626599663220	RemoteAgent	ERROR	unable to stop listener: TypeError: can't access property "destructor", this.targetList is null(chrome://remote/content/cdp/CDP.jsm:92:5) JS Stack trace: stop@CDP.jsm:92:5
clo1626599663384	Marionette	INFO	Listening on port 13772
1626599663448	RemoteAgent	WARN	TLS certificate errors will be ignored for this session
JavaScript warning: http://delta.world-of-dungeons.org/wod/spiel/quests/quests.php?session_hero_id=102415, line 1: unreachable code after return statement
JavaScript warning: http://delta.world-of-dungeons.org/wod/spiel/hero/attributes.php?session_hero_id=102415, line 1: unreachable code after return statement
JavaScript warning: http://delta.world-of-dungeons.org/wod/spiel/hero/attributes.php?session_hero_id=102415, line 1: unreachable code after return statement
JavaScript warning: http://delta.world-of-dungeons.org/wod/spiel/dungeon/group.php?session_hero_id=102415, line 1: unreachable code after return statement
JavaScript warning: http://delta.world-of-dungeons.org/wod/spiel/dungeon/group.php?session_hero_id=102415, line 1: unreachable code after return statement
JavaScript warning: http://delta.world-of-dungeons.org/wod/spiel/dungeon/group.php?session_hero_id=102415, line 1: unreachable code after return statement
JavaScript warning: http://delta.world-of-dungeons.org/wod/spiel/dungeon/group.php?session_hero_id=102415, line 1: unreachable code after return statement
JavaScript warning: http://delta.world-of-dungeons.org/wod/spiel/dungeon/group.php?session_hero_id=102415, line 1: unreachable code after return statement
JavaScript warning: http://delta.world-of-dungeons.org/wod/spiel/dungeon/group.php?session_hero_id=102415, line 1: unreachable code after return statement
JavaScript warning: http://delta.world-of-dungeons.org/wod/spiel/dungeon/group.php?session_hero_id=102415, line 1: unreachable code after return statement
JavaScript warning: http://delta.world-of-dungeons.org/wod/spiel/dungeon/group.php?session_hero_id=102415, line 1: unreachable code after return statement
JavaScript warning: http://delta.world-of-dungeons.org/wod/spiel/dungeon/group.php?session_hero_id=102415, line 1: unreachable code after return statement
JavaScript warning: http://delta.world-of-dungeons.org/wod/spiel/dungeon/group.php?session_hero_id=102415, line 1: unreachable code after return statement
JavaScript warning: http://delta.world-of-dungeons.org/wod/spiel/dungeon/group.php?session_hero_id=102415, line 1: unreachable code after return statement
JavaScript warning: http://delta.world-of-dungeons.org/wod/spiel/dungeon/group.php?session_hero_id=102415, line 1: unreachable code after return statement
console.error: services.settings: 
  main/doh-config Signature failed  InvalidSignatureError: Invalid content signature (main/doh-config)
console.error: services.settings: 
  main/doh-config local data was corrupted
console.warn: services.settings: main/doh-config Signature verified failed. Retry from scratch
console.error: services.settings: 
  main/doh-providers Signature failed  InvalidSignatureError: Invalid content signature (main/doh-providers)
console.error: services.settings: 
  main/doh-providers local data was corrupted
console.warn: services.settings: main/doh-providers Signature verified failed. Retry from scratch
JavaScript error: resource://gre/modules/psm/RemoteSecuritySettings.jsm, line 658: NS_ERROR_ILLEGAL_VALUE: Component returned failure code: 0x80070057 (NS_ERROR_ILLEGAL_VALUE) [nsIXPCComponents_Utils.reportError]
1626600119046	Marionette	INFO	Stopped listening on port 13772
JavaScript error: resource:///modules/Interactions.jsm, line 209: NS_ERROR_FAILURE: Component returned failure code: 0x80004005 (NS_ERROR_FAILURE) [nsIUserIdleService.removeIdleObserver]

###!!! [Child][RunMessage] Error: Channel closing: too late to send/recv, messages will be lost

1626600119333	RemoteAgent	ERROR	unable to stop listener: TypeError: can't access property "destructor", this.targetList is null(chrome://remote/content/cdp/CDP.jsm:92:5) JS Stack trace: stop@CDP.jsm:92:5
close@RemoteAgent.jsm:138:21
1626601050269	geckodriver	INFO	Listening on 127.0.0.1:11196
1626601053308	mozrunner::runner	INFO	Running command: "C:\\Program Files\\Firefox Developer Edition\\firefox.exe" "--marionette" "-foreground" "-no-remote" "-profile" "C:\\Users\\callm\\AppData\\Local\\Temp\\rust_mozprofile5k2X4e"
1626601054214	Marionette	INFO	Marionette enabled
console.warn: SearchSettings: "get: No settings file exists, new profile?" (new NotFoundError("Could not open the file at C:\\Users\\callm\\AppData\\Local\\Temp\\rust_mozprofile5k2X4e\\search.json.mozlz4", (void 0)))
1626601058471	Marionette	INFO	Listening on port 11208
1626601058653	RemoteAgent	WARN	TLS certificate errors will be ignored for this session
1626601262822	Marionette	INFO	Stopped listening on port 11208
JavaScript error: resource:///modules/Interactions.jsm, line 209: NS_ERROR_FAILURE: Component returned failure code: 0x80004005 (NS_ERROR_FAILURE) [nsIUserIdleService.removeIdleObserver]
JavaScript error: chrome://remote/content/marionette/cert.js, line 55: NS_ERROR_NOT_AVAILABLE: Component returned failure code: 0x80040111 (NS_ERROR_NOT_AVAILABLE) [nsICertOverrideService.setDisableAllSecurityChecksAndLetAttackersInterceptMyData]

###!!! [Parent][RunMessage] Error: Channel closing: too late to send/recv, messages will be lost


###!!! [Child][RunMessage] Error: Channel closing: too late to send/recv, messages will be lost

1626601263330	RemoteAgent	ERROR	unable to stop listener: TypeError: can't access property "destructor", this.targetList is null(chrome://remote/content/cdp/CDP.jsm:92:5) JS Stack trace: stop@CDP.jsm:92:5
close@RemoteAgent.jsm:138:21
1626601263919	geckodriver	INFO	Listening on 127.0.0.1:14077
1626601266934	mozrunner::runner	INFO	Running command: "C:\\Program Files\\Firefox Developer Edition\\firefox.exe" "--marionette" "-foreground" "-no-remote" "-profile" "C:\\Users\\callm\\AppData\\Local\\Temp\\rust_mozprofilekc99nt"
1626601267812	Marionette	INFO	Marionette enabled
console.warn: SearchSettings: "get: No settings file exists, new profile?" (new NotFoundError("Could not open the file at C:\\Users\\callm\\AppData\\Local\\Temp\\rust_mozprofilekc99nt\\search.json.mozlz4", (void 0)))
1626601271633	Marionette	INFO	Listening on port 1048
1626601271800	RemoteAgent	WARN	TLS certificate errors will be ignored for this session
console.error: services.settings: 
  main/doh-config Signature failed  InvalidSignatureError: Invalid content signature (main/doh-config)
console.error: services.settings: 
  main/doh-config local data was corrupted
console.warn: services.settings: main/doh-config Signature verified failed. Retry from scratch
console.error: services.settings: 
  main/doh-providers Signature failed  InvalidSignatureError: Invalid content signature (main/doh-providers)
console.error: services.settings: 
  main/doh-providers local data was corrupted
console.warn: services.settings: main/doh-providers Signature verified failed. Retry from scratch
JavaScript error: resource://gre/modules/psm/RemoteSecuritySettings.jsm, line 658: NS_ERROR_ILLEGAL_VALUE: Component returned failure code: 0x80070057 (NS_ERROR_ILLEGAL_VALUE) [nsIXPCComponents_Utils.reportError]
JavaScript error: , line 0: NS_ERROR_NOT_AVAILABLE
console.warn: "Resource  of root-node was not found."
JavaScript warning: http://delta.world-of-dungeons.org/wod/spiel/settings/heroes.php?session_hero_id=102415, line 1: unreachable code after return statement
JavaScript warning: http://delta.world-of-dungeons.org/wod/spiel/settings/heroes.php?session_hero_id=102415, line 1: unreachable code after return statement
console.warn: "Resource  of root-node was not found."
console.warn: "Resource  of root-node was not found."
console.warn: "Resource  of root-node was not found."
console.warn: "Resource  of root-node was not found."
console.warn: "Resource  of root-node was not found."
console.warn: "Resource  of root-node was not found."
console.warn: "Resource  of root-node was not found."
console.warn: "Resource  of root-node was not found."
console.warn: "Resource  of root-node was not found."
console.warn: "Resource  of root-node was not found."
console.warn: "Resource  of root-node was not found."
console.error: "Error writing request: getGrids"
console.warn: "Resource  of root-node was not found."
console.warn: "Resource  of root-node was not found."
console.error: "Error writing request: getGrids"
console.warn: "Resource  of root-node was not found."
console.warn: "Resource  of root-node was not found."
console.warn: "Resource  of root-node was not found."
JavaScript warning: http://delta.world-of-dungeons.org/wod/spiel/dungeon/group.php?session_hero_id=102415, line 1: unreachable code after return statement
console.warn: "Resource  of root-node was not found."
console.error: "Error writing request: getGrids"
console.warn: "Resource  of root-node was not found."
console.warn: "Resource  of root-node was not found."
console.warn: "Resource  of root-node was not found."
console.warn: "Resource  of root-node was not found."
console.warn: "Resource  of root-node was not found."
console.warn: "Resource  of root-node was not found."
console.warn: "Resource  of root-node was not found."
console.warn: "Resource  of root-node was not found."
console.warn: "Resource  of root-node was not found."
console.warn: "Resource  of root-node was not found."
console.warn: "Resource  of root-node was not found."
console.warn: "Resource  of root-node was not found."
console.warn: "Resource  of root-node was not found."
console.warn: "Resource  of root-node was not found."
console.warn: "Resource  of root-node was not found."
console.warn: "Resource  of root-node was not found."
console.warn: "Resource  of root-node was not found."
console.warn: "Resource  of root-node was not found."
console.warn: "Resource  of root-node was not found."
console.warn: "Resource  of root-node was not found."
1626637280515	Marionette	INFO	Stopped listening on port 1048
JavaScript error: resource:///modules/Interactions.jsm, line 209: NS_ERROR_FAILURE: Component returned failure code: 0x80004005 (NS_ERROR_FAILURE) [nsIUserIdleService.removeIdleObserver]
JavaScript error: chrome://remote/content/marionette/cert.js, line 55: NS_ERROR_NOT_AVAILABLE: Component returned failure code: 0x80040111 (NS_ERROR_NOT_AVAILABLE) [nsICertOverrideService.setDisableAllSecurityChecksAndLetAttackersInterceptMyData]

###!!! [Child][MessageChannel] Error: (msgtype=0x390154,name=PContent::Msg_InsertNewFocusActionId) Closed channel: cannot send/recv

[GPU 16956, IPC I/O Child] WARNING: pipe error: 232: file /builds/worker/checkouts/gecko/ipc/chromium/src/chrome/common/ipc_channel_win.cc:544
1626639275495	geckodriver	INFO	Listening on 127.0.0.1:5200
1626639278550	mozrunner::runner	INFO	Running command: "C:\\Program Files\\Firefox Developer Edition\\firefox.exe" "--marionette" "-foreground" "-no-remote" "-profile" "C:\\Users\\callm\\AppData\\Local\\Temp\\rust_mozprofilemhoZRk"
1626639280042	Marionette	INFO	Marionette enabled
console.warn: SearchSettings: "get: No settings file exists, new profile?" (new NotFoundError("Could not open the file at C:\\Users\\callm\\AppData\\Local\\Temp\\rust_mozprofilemhoZRk\\search.json.mozlz4", (void 0)))
1626639288564	Marionette	INFO	Listening on port 5263
1626639288743	RemoteAgent	WARN	TLS certificate errors will be ignored for this session
1626639302461	Marionette	INFO	Stopped listening on port 5263
JavaScript error: resource:///modules/Interactions.jsm, line 209: NS_ERROR_FAILURE: Component returned failure code: 0x80004005 (NS_ERROR_FAILURE) [nsIUserIdleService.removeIdleObserver]
JavaScript error: chrome://remote/content/marionette/cert.js, line 55: NS_ERROR_NOT_AVAILABLE: Component returned failure code: 0x80040111 (NS_ERROR_NOT_AVAILABLE) [nsICertOverrideService.setDisableAllSecurityChecksAndLetAttackersInterceptMyData]

###!!! [Child][RunMessage] Error: Channel closing: too late to send/recv, messages will be lost

1626639303094	RemoteAgent	ERROR	unable to stop listener: TypeError: can't access property "destructor", this.targetList is null(chrome://remote/content/cdp/CDP.jsm:92:5) JS Stack trace: stop@CDP.jsm:92:5
close@RemoteAgent.jsm:138:21
1626639303962	geckodriver	INFO	Listening on 127.0.0.1:5767
1626639307003	mozrunner::runner	INFO	Running command: "C:\\Program Files\\Firefox Developer Edition\\firefox.exe" "--marionette" "-foreground" "-no-remote" "-profile" "C:\\Users\\callm\\AppData\\Local\\Temp\\rust_mozprofileqjdXJ0"
1626639307995	Marionette	INFO	Marionette enabled
console.warn: SearchSettings: "get: No settings file exists, new profile?" (new NotFoundError("Could not open the file at C:\\Users\\callm\\AppData\\Local\\Temp\\rust_mozprofileqjdXJ0\\search.json.mozlz4", (void 0)))
1626639312275	Marionette	INFO	Listening on port 5821
1626639312356	RemoteAgent	WARN	TLS certificate errors will be ignored for this session
console.warn: "Resource  of root-node was not found."
console.error: "Error while calling actor 'pagestyle's method 'getLayout'" "can't access property \"rawNode\", node is null"
console.error: (new TypeError("can't access property \"rawNode\", node is null", "resource://devtools/server/actors/page-style.js", 1001))
console.error: "Error while calling actor 'pagestyle's method 'getApplied'" "can't access property \"rawNode\", node is null"
console.error: (new TypeError("can't access property \"rawNode\", node is null", "resource://devtools/server/actors/page-style.js", 570))
console.warn: "Resource  of root-node was not found."
console.error: (new Error("Protocol error (TypeError): can't access property \"rawNode\", node is null from: server0.conn0.child4/pagestyle26 (resource://devtools/server/actors/page-style.js:1001:5)", "resource://devtools/shared/protocol/Front.js", 362))
console.error: (new Error("Protocol error (noSuchActor): No such actor for ID: server0.conn0.child4/domnode523 from: server0.conn0.child4/domnode523", "resource://devtools/shared/protocol/Front.js", 362))
console.error: "Error writing request: getGrids"
console.error: (new TypeError("can't access property \"parentNode\", currentNode is null", "resource://devtools/client/inspector/shared/style-change-tracker.js", 66))
TypeError: can't access property "parentNode", currentNode is null: canMutationImpactCurrentStyles@resource://devtools/client/inspector/shared/style-change-tracker.js:66:20
onMutations@resource://devtools/client/inspector/shared/style-change-tracker.js:84:41
_emit@resource://devtools/shared/event-emitter.js:226:34
emit@resource://devtools/shared/event-emitter.js:172:18
emit@resource://devtools/shared/event-emitter.js:324:18
getMutations@resource://devtools/client/fronts/walker.js:311:10

console.warn: "Resource  of root-node was not found."
console.error: "Error writing request: getGrids"
console.warn: "Resource  of root-node was not found."
console.warn: "Resource  of root-node was not found."
console.warn: "Resource  of root-node was not found."
console.warn: "Resource  of root-node was not found."
console.error: "Error while calling actor 'pagestyle's method 'getApplied'" "can't access property \"rawNode\", node is null"
console.error: (new TypeError("can't access property \"rawNode\", node is null", "resource://devtools/server/actors/page-style.js", 570))
console.warn: "Resource  of root-node was not found."
console.error: (new Error("Protocol error (TypeError): can't access property \"rawNode\", node is null from: server0.conn0.child4/pagestyle26 (resource://devtools/server/actors/page-style.js:570:5)", "resource://devtools/shared/protocol/Front.js", 362))
console.error: "Error while calling actor 'pagestyle's method 'getUsedFontFaces'" "can't access property \"rawNode\", node is null"
console.error: (new TypeError("can't access property \"rawNode\", node is null", "resource://devtools/server/actors/page-style.js", 367))
console.error: "Could not get the list of font families" (new Error("Protocol error (TypeError): can't access property \"rawNode\", node is null from: server0.conn0.child4/pagestyle26 (resource://devtools/server/actors/page-style.js:367:24)", "resource://devtools/shared/protocol/Front.js", 362))
console.error: "stylesheets: fetch failed for http://delta.world-of-dungeons.org/wod/css//skins/skin-4/skin-cn.css?1625981189, using system principal instead."
console.warn: "Resource  of root-node was not found."
console.error: "Error while calling actor 'pagestyle's method 'getUsedFontFaces'" "can't access property \"rawNode\", node is null"
console.error: (new TypeError("can't access property \"rawNode\", node is null", "resource://devtools/server/actors/page-style.js", 367))
console.error: "Could not get the list of font families" (new Error("Protocol error (TypeError): can't access property \"rawNode\", node is null from: server0.conn0.child4/pagestyle26 (resource://devtools/server/actors/page-style.js:367:24)", "resource://devtools/shared/protocol/Front.js", 362))
console.error: "Error while calling actor 'pagestyle's method 'getApplied'" "can't access property \"rawNode\", node is null"
console.error: (new TypeError("can't access property \"rawNode\", node is null", "resource://devtools/server/actors/page-style.js", 570))
console.error: (new Error("Protocol error (TypeError): can't access property \"rawNode\", node is null from: server0.conn0.child4/pagestyle26 (resource://devtools/server/actors/page-style.js:570:5)", "resource://devtools/shared/protocol/Front.js", 362))
console.error: "stylesheets: fetch failed for http://delta.world-of-dungeons.org/wod/css//skins/skin-4/skin-cn.css?1625981189, using system principal instead."
console.warn: "Resource  of root-node was not found."
console.error: "stylesheets: fetch failed for http://delta.world-of-dungeons.org/wod/css//skins/skin-4/skin-cn.css?1625981189, using system principal instead."
console.error: "stylesheets: fetch failed for http://delta.world-of-dungeons.org/wod/css//skins/skin-4/skin-cn.css?1625981189, using system principal instead."
console.warn: "Resource  of root-node was not found."
console.error: "Error writing request: getGrids"
console.error: "Error while calling actor 'pagestyle's method 'getLayout'" "can't access property \"rawNode\", node is null"
console.error: (new TypeError("can't access property \"rawNode\", node is null", "resource://devtools/server/actors/page-style.js", 1001))
console.error: "Error while calling actor 'pagestyle's method 'getUsedFontFaces'" "can't access property \"rawNode\", node is null"
console.error: (new TypeError("can't access property \"rawNode\", node is null", "resource://devtools/server/actors/page-style.js", 367))
console.error: (new Error("Protocol error (TypeError): can't access property \"rawNode\", node is null from: server0.conn0.child4/pagestyle26 (resource://devtools/server/actors/page-style.js:1001:5)", "resource://devtools/shared/protocol/Front.js", 362))
console.error: "Could not get the list of font families" (new Error("Protocol error (TypeError): can't access property \"rawNode\", node is null from: server0.conn0.child4/pagestyle26 (resource://devtools/server/actors/page-style.js:367:24)", "resource://devtools/shared/protocol/Front.js", 362))
console.warn: "Resource  of root-node was not found."
console.warn: "Resource  of root-node was not found."
console.warn: "Resource  of root-node was not found."
console.warn: "Resource  of root-node was not found."
console.warn: "Resource  of root-node was not found."
console.warn: "Resource  of root-node was not found."
console.warn: "Resource  of root-node was not found."
console.warn: "Resource  of root-node was not found."
console.warn: "Resource  of root-node was not found."
console.warn: "Resource  of root-node was not found."
console.warn: "Resource  of root-node was not found."
console.warn: "Resource  of root-node was not found."
console.error: services.settings: 
  main/doh-config Signature failed  InvalidSignatureError: Invalid content signature (main/doh-config)
console.error: services.settings: 
  main/doh-config local data was corrupted
console.warn: services.settings: main/doh-config Signature verified failed. Retry from scratch
console.error: services.settings: 
  main/doh-providers Signature failed  InvalidSignatureError: Invalid content signature (main/doh-providers)
console.error: services.settings: 
  main/doh-providers local data was corrupted
console.warn: services.settings: main/doh-providers Signature verified failed. Retry from scratch
JavaScript error: resource://gre/modules/psm/RemoteSecuritySettings.jsm, line 658: NS_ERROR_ILLEGAL_VALUE: Component returned failure code: 0x80070057 (NS_ERROR_ILLEGAL_VALUE) [nsIXPCComponents_Utils.reportError]
JavaScript error: , line 0: NS_ERROR_NOT_AVAILABLE
